{
  "stats": {
    "suites": 15,
    "tests": 39,
    "passes": 34,
    "pending": 0,
    "failures": 5,
    "start": "2021-05-01T14:28:02.824Z",
    "end": "2021-05-01T14:28:12.529Z",
    "duration": 9705,
    "testsRegistered": 39,
    "passPercent": 87.17948717948718,
    "pendingPercent": 0,
    "other": 0,
    "hasOther": false,
    "skipped": 0,
    "hasSkipped": false
  },
  "results": [
    {
      "uuid": "5636eb7e-882a-4a4f-9c94-35f378c5561a",
      "title": "",
      "fullFile": "",
      "file": "",
      "beforeHooks": [],
      "afterHooks": [],
      "tests": [],
      "suites": [
        {
          "uuid": "52d79b5f-6360-499f-831f-0f8b72d18f05",
          "title": "Get Products",
          "fullFile": "C:\\Users\\Administrator\\OneDrive\\桌面\\API Testing\\banking-api-tests\\test\\products.js",
          "file": "\\test\\products.js",
          "beforeHooks": [
            {
              "title": "\"before all\" hook in \"Get Products\"",
              "fullTitle": "Get Products \"before all\" hook in \"Get Products\"",
              "timedOut": false,
              "duration": 25,
              "state": null,
              "speed": null,
              "pass": false,
              "fail": false,
              "pending": false,
              "context": null,
              "code": "standardProducts = await getStandardProducts();",
              "err": {},
              "uuid": "dd6e47cc-0207-4499-aa4e-afc9794ec358",
              "parentUUID": "52d79b5f-6360-499f-831f-0f8b72d18f05",
              "isHook": true,
              "skipped": false
            }
          ],
          "afterHooks": [],
          "tests": [],
          "suites": [
            {
              "uuid": "190de820-9ac5-47bf-959d-bd7ce972a91d",
              "title": "Negative testing",
              "fullFile": "C:\\Users\\Administrator\\OneDrive\\桌面\\API Testing\\banking-api-tests\\test\\products.js",
              "file": "\\test\\products.js",
              "beforeHooks": [],
              "afterHooks": [],
              "tests": [
                {
                  "title": "Return error when missing x-v field in request header",
                  "fullTitle": "Get Products Negative testing Return error when missing x-v field in request header",
                  "timedOut": false,
                  "duration": 1245,
                  "state": "passed",
                  "speed": "slow",
                  "pass": true,
                  "fail": false,
                  "pending": false,
                  "context": null,
                  "code": "const res = await request.get('/products')\nexpect(res.statusCode).to.be.eq(406);\nexpect(res.body).to.have.property('errors');",
                  "err": {},
                  "uuid": "464882f8-0afd-4996-9a74-27e11f8bd2b7",
                  "parentUUID": "190de820-9ac5-47bf-959d-bd7ce972a91d",
                  "isHook": false,
                  "skipped": false
                },
                {
                  "title": "Return error when enter invalid x-v field in request header",
                  "fullTitle": "Get Products Negative testing Return error when enter invalid x-v field in request header",
                  "timedOut": false,
                  "duration": 590,
                  "state": "passed",
                  "speed": "slow",
                  "pass": true,
                  "fail": false,
                  "pending": false,
                  "context": null,
                  "code": "const randomValue = faker.lorem.word();\nconst res = await request\n  .get('/products')\n  .set('x-v', randomValue)\nexpect(res.statusCode).to.be.eq(406);\nexpect(res.body).to.have.property('errors');",
                  "err": {},
                  "uuid": "e89c480e-d36d-447a-bd6b-958305b1b7b1",
                  "parentUUID": "190de820-9ac5-47bf-959d-bd7ce972a91d",
                  "isHook": false,
                  "skipped": false
                },
                {
                  "title": "Return error when x-v value is greater than current highest version",
                  "fullTitle": "Get Products Negative testing Return error when x-v value is greater than current highest version",
                  "timedOut": false,
                  "duration": 145,
                  "state": "passed",
                  "speed": "slow",
                  "pass": true,
                  "fail": false,
                  "pending": false,
                  "context": null,
                  "code": "const randomNumber = faker.datatype.number({ min: Number(qa.currentVersion) + 1 });\nconst res = await request\n  .get('/products')\n  .set('x-v', randomNumber)\nexpect(res.statusCode).to.be.eq(406);\nexpect(res.body).to.have.property('errors');",
                  "err": {},
                  "uuid": "e0fbf86b-ea34-416c-9a8e-5d1a504c7afb",
                  "parentUUID": "190de820-9ac5-47bf-959d-bd7ce972a91d",
                  "isHook": false,
                  "skipped": false
                },
                {
                  "title": "Return error when set an unacceptable Accept value in request header",
                  "fullTitle": "Get Products Negative testing Return error when set an unacceptable Accept value in request header",
                  "timedOut": false,
                  "duration": 315,
                  "state": "failed",
                  "speed": null,
                  "pass": false,
                  "fail": true,
                  "pending": false,
                  "context": null,
                  "code": "const randomValue = faker.lorem.word();\nif (randomValue !== HEADERS_STANDARD.CONTENT_TYPE) {\n  const res = await request\n    .get('/products')\n    .set('x-v', qa.currentVersion)\n    .set('Accept', randomValue)\n  expect(res.statusCode).to.be.eq(406);\n  expect(res.body).to.have.property('errors');\n}",
                  "err": {
                    "message": "AssertionError: expected 200 to equal 406",
                    "estack": "AssertionError: expected 200 to equal 406\n    at Context.<anonymous> (file:///C:/Users/Administrator/OneDrive/%E6%A1%8C%E9%9D%A2/API%20Testing/banking-api-tests/test/products.js:57:38)\n    at processTicksAndRejections (internal/process/task_queues.js:93:5)",
                    "diff": "- 200\n+ 406\n"
                  },
                  "uuid": "1319efcf-294e-4249-97b5-ccd90befa254",
                  "parentUUID": "190de820-9ac5-47bf-959d-bd7ce972a91d",
                  "isHook": false,
                  "skipped": false
                }
              ],
              "suites": [],
              "passes": [
                "464882f8-0afd-4996-9a74-27e11f8bd2b7",
                "e89c480e-d36d-447a-bd6b-958305b1b7b1",
                "e0fbf86b-ea34-416c-9a8e-5d1a504c7afb"
              ],
              "failures": [
                "1319efcf-294e-4249-97b5-ccd90befa254"
              ],
              "pending": [],
              "skipped": [],
              "duration": 2295,
              "root": false,
              "rootEmpty": false,
              "_timeout": 5000
            },
            {
              "uuid": "b2756b39-b6d7-4083-8fcc-c2cb3ff66619",
              "title": "Get Products without query string",
              "fullFile": "C:\\Users\\Administrator\\OneDrive\\桌面\\API Testing\\banking-api-tests\\test\\products.js",
              "file": "\\test\\products.js",
              "beforeHooks": [
                {
                  "title": "\"before all\" hook in \"Get Products without query string\"",
                  "fullTitle": "Get Products Get Products without query string \"before all\" hook in \"Get Products without query string\"",
                  "timedOut": false,
                  "duration": 166,
                  "state": null,
                  "speed": null,
                  "pass": false,
                  "fail": false,
                  "pending": false,
                  "context": null,
                  "code": "productsData = await getProducts();",
                  "err": {},
                  "uuid": "dfcaec86-1813-400a-bf33-419fe07dfbce",
                  "parentUUID": "b2756b39-b6d7-4083-8fcc-c2cb3ff66619",
                  "isHook": true,
                  "skipped": false
                }
              ],
              "afterHooks": [],
              "tests": [
                {
                  "title": "get correct format of response header",
                  "fullTitle": "Get Products Get Products without query string get correct format of response header",
                  "timedOut": false,
                  "duration": 1,
                  "state": "failed",
                  "speed": null,
                  "pass": false,
                  "fail": true,
                  "pending": false,
                  "context": null,
                  "code": "const { header } = productsData;\nexpect(header['x-v']).to.be.eq(qa.version);\nexpect(header['content-type']).to.be.eq(HEADERS_STANDARD.CONTENT_TYPE);\nif (!header.hasOwnProperty('x-fapi-interaction-id')) {\n  addContext(this, {\n    title: 'Missing mandatory field: x-fapi-interaction-id on response headers',\n    value: header,\n  });\n}\nexpect(header.hasOwnProperty('x-fapi-interaction-id')).to.be.eq(\n  true,\n  'Missing mandatory field: x-fapi-interaction-id on response headers',\n);\nif (header.hasOwnProperty('retry-after')) {\n  expect(header['retry-after']).to.be.a('number');\n  expect(productsData.statusCode).to.be.eq(429);\n}",
                  "err": {
                    "message": "AssertionError: expected '3' to equal undefined",
                    "estack": "AssertionError: expected '3' to equal undefined\n    at Context.<anonymous> (file:///C:/Users/Administrator/OneDrive/%E6%A1%8C%E9%9D%A2/API%20Testing/banking-api-tests/test/products.js:70:35)\n    at processImmediate (internal/timers.js:461:21)",
                    "diff": null
                  },
                  "uuid": "52522d2a-6137-43f0-a74a-5096c961c5bf",
                  "parentUUID": "b2756b39-b6d7-4083-8fcc-c2cb3ff66619",
                  "isHook": false,
                  "skipped": false
                },
                {
                  "title": "contains data property and the type is object",
                  "fullTitle": "Get Products Get Products without query string contains data property and the type is object",
                  "timedOut": false,
                  "duration": 0,
                  "state": "passed",
                  "speed": "fast",
                  "pass": true,
                  "fail": false,
                  "pending": false,
                  "context": null,
                  "code": "expect(productsData.body).to.have.property('data');\nexpect(isObject(productsData.body.data)).to.be.true;",
                  "err": {},
                  "uuid": "43639229-1ae7-448c-b158-4cb6f4c1f4f7",
                  "parentUUID": "b2756b39-b6d7-4083-8fcc-c2cb3ff66619",
                  "isHook": false,
                  "skipped": false
                },
                {
                  "title": "contains products property and the type is array",
                  "fullTitle": "Get Products Get Products without query string contains products property and the type is array",
                  "timedOut": false,
                  "duration": 0,
                  "state": "passed",
                  "speed": "fast",
                  "pass": true,
                  "fail": false,
                  "pending": false,
                  "context": null,
                  "code": "expect(productsData.body.data).to.have.property('products');\nexpect(isArray(productsData.body.data.products)).to.be.true;",
                  "err": {},
                  "uuid": "2d610174-c780-4c07-b9cf-5acd65b0c283",
                  "parentUUID": "b2756b39-b6d7-4083-8fcc-c2cb3ff66619",
                  "isHook": false,
                  "skipped": false
                },
                {
                  "title": "contains links property and the type is correct",
                  "fullTitle": "Get Products Get Products without query string contains links property and the type is correct",
                  "timedOut": false,
                  "duration": 1,
                  "state": "passed",
                  "speed": "fast",
                  "pass": true,
                  "fail": false,
                  "pending": false,
                  "context": null,
                  "code": "expect(productsData.body).to.have.property('links');\nexpect(productsData.body.links).to.have.property('self');\nexpect(isValidURL(productsData.body.links.self)).to.be.true;",
                  "err": {},
                  "uuid": "05107a21-0c12-440a-969d-2accaffba64e",
                  "parentUUID": "b2756b39-b6d7-4083-8fcc-c2cb3ff66619",
                  "isHook": false,
                  "skipped": false
                },
                {
                  "title": "contains meta property and the type is correct",
                  "fullTitle": "Get Products Get Products without query string contains meta property and the type is correct",
                  "timedOut": false,
                  "duration": 1,
                  "state": "passed",
                  "speed": "fast",
                  "pass": true,
                  "fail": false,
                  "pending": false,
                  "context": null,
                  "code": "const { totalRecords, totalPages } = productsData.body.meta;\nexpect(productsData.body).to.have.property('meta');\nexpect(productsData.body.meta).to.have.property('totalRecords');\nexpect(isNaturalNumber(totalRecords)).to.be.true;\nexpect(productsData.body.meta).to.have.property('totalPages');\nexpect(isNaturalNumber(totalPages)).to.be.true;",
                  "err": {},
                  "uuid": "c6b54868-f5ae-4c53-8148-fc3f43bdf623",
                  "parentUUID": "b2756b39-b6d7-4083-8fcc-c2cb3ff66619",
                  "isHook": false,
                  "skipped": false
                },
                {
                  "title": "have standard pagination",
                  "fullTitle": "Get Products Get Products without query string have standard pagination",
                  "timedOut": false,
                  "duration": 1,
                  "state": "passed",
                  "speed": "fast",
                  "pass": true,
                  "fail": false,
                  "pending": false,
                  "context": null,
                  "code": "let { totalPages } = productsData.body.meta;\nconst { products } = productsData.body.data;\nif (totalPages > 1) {\n  expect(products).to.have.lengthOf(PAGINATION.STANDARD_PAGINATION);\n}",
                  "err": {},
                  "uuid": "41d96065-ba7d-4ffb-8675-3cb07d6c6502",
                  "parentUUID": "b2756b39-b6d7-4083-8fcc-c2cb3ff66619",
                  "isHook": false,
                  "skipped": false
                },
                {
                  "title": "products should ordered in descending order according to lastUpdated",
                  "fullTitle": "Get Products Get Products without query string products should ordered in descending order according to lastUpdated",
                  "timedOut": false,
                  "duration": 1,
                  "state": "passed",
                  "speed": "fast",
                  "pass": true,
                  "fail": false,
                  "pending": false,
                  "context": null,
                  "code": "const { products } = productsData.body.data;\nexpect(products).to.be.descendingBy('lastUpdated');",
                  "err": {},
                  "uuid": "d58aea8f-135b-4303-a80a-5136bd34edf3",
                  "parentUUID": "b2756b39-b6d7-4083-8fcc-c2cb3ff66619",
                  "isHook": false,
                  "skipped": false
                },
                {
                  "title": "Products property do not contains invalid products schema",
                  "fullTitle": "Get Products Get Products without query string Products property do not contains invalid products schema",
                  "timedOut": false,
                  "duration": 55,
                  "state": "failed",
                  "speed": null,
                  "pass": false,
                  "fail": true,
                  "pending": false,
                  "context": "{\n  \"title\": \"Incorrect product schema\",\n  \"value\": [\n    {\n      \"_original\": {\n        \"productId\": \"e04db84f-a246-48af-ae4a-1782942db22d\",\n        \"effectiveFrom\": null,\n        \"effectiveTo\": null,\n        \"lastUpdated\": \"2021-03-11T05:03:21.159Z\",\n        \"productCategory\": \"TRANS_AND_SAVINGS_ACCOUNTS\",\n        \"name\": \"Special eSaver\",\n        \"description\": \"A higher interest savings account. The ideal way to earn high interest while always having convenient access to your money\",\n        \"brand\": \"MyState Bank\",\n        \"brandName\": \"\",\n        \"applicationUri\": \"https:\\\\\\\\mystate.com.au\\\\appformlocation.\",\n        \"isTailored\": false,\n        \"additionalInformation\": {\n          \"overviewUri\": \"https://mystate.com.au/bank-accounts/saving-accounts/special-esaver-account/\",\n          \"termsUri\": \"https://mystate.com.au/legal/\",\n          \"eligibilityUri\": \"https://mystate.com.au/legal/\",\n          \"feesAndPricingUri\": \"https://mystate.com.au/legal/\",\n          \"bundleUri\": \"\"\n        },\n        \"cardArt\": []\n      },\n      \"details\": [\n        {\n          \"message\": \"\\\"applicationUri\\\" must be a valid uri\",\n          \"path\": [\n            \"applicationUri\"\n          ],\n          \"type\": \"string.uri\",\n          \"context\": {\n            \"label\": \"applicationUri\",\n            \"value\": \"https:\\\\\\\\mystate.com.au\\\\appformlocation.\",\n            \"key\": \"applicationUri\"\n          }\n        }\n      ]\n    }\n  ]\n}",
                  "code": "let errorArray = [];\nconst { products } = productsData.body.data;\nif (products.length) {\n  await products.forEach(product => {\n    const res = BankingProductV3Schema.validate(product)\n    if (res.error) {\n      errorArray = errorArray.concat(res.error);\n    }\n  })\n}\nif (errorArray.length) {\n  addContext(this, {\n    title: 'Incorrect product schema',\n    value: errorArray,\n  });\n}\nexpect(errorArray.length).to.be.eq(0);",
                  "err": {
                    "message": "AssertionError: expected 1 to equal 0",
                    "estack": "AssertionError: expected 1 to equal 0\n    at Context.<anonymous> (file:///C:/Users/Administrator/OneDrive/%E6%A1%8C%E9%9D%A2/API%20Testing/banking-api-tests/test/products.js:145:39)",
                    "diff": "- 1\n+ 0\n"
                  },
                  "uuid": "1e1c4b6d-ec23-4c2a-b27b-3b810bfb87cb",
                  "parentUUID": "b2756b39-b6d7-4083-8fcc-c2cb3ff66619",
                  "isHook": false,
                  "skipped": false
                },
                {
                  "title": "products property do not contains unmatched value",
                  "fullTitle": "Get Products Get Products without query string products property do not contains unmatched value",
                  "timedOut": false,
                  "duration": 5,
                  "state": "failed",
                  "speed": null,
                  "pass": false,
                  "fail": true,
                  "pending": false,
                  "context": "{\n  \"title\": \"Unmatched field value\",\n  \"value\": [\n    {\n      \"obj\": \"AMM - Regular Term Deposit\",\n      \"field\": \"lastUpdated\",\n      \"value\": \"2021-04-25T23:47:08.507Z\",\n      \"standardValue\": \"2020-12-14T04:45:47.187Z\"\n    },\n    {\n      \"obj\": \"Cashwerkz - Regular Term Deposit\",\n      \"field\": \"lastUpdated\",\n      \"value\": \"2021-04-25T23:45:20.267Z\",\n      \"standardValue\": \"2020-12-14T04:38:59.973Z\"\n    },\n    {\n      \"obj\": \"Fixed Rate Home Loan - 3 Year\",\n      \"field\": \"lastUpdated\",\n      \"value\": \"2021-04-16T05:56:49.071Z\",\n      \"standardValue\": \"2020-11-23T03:08:00.839Z\"\n    },\n    {\n      \"obj\": \"Fixed Rate Home Loan - 2 Year\",\n      \"field\": \"lastUpdated\",\n      \"value\": \"2021-04-16T05:55:25.628Z\",\n      \"standardValue\": \"2020-11-23T03:09:16.117Z\"\n    },\n    {\n      \"obj\": \"Basic Home Loan\",\n      \"field\": \"lastUpdated\",\n      \"value\": \"2021-04-16T05:52:42.16Z\",\n      \"standardValue\": \"2020-11-23T02:52:07.187Z\"\n    },\n    {\n      \"obj\": \"Special Residential Home Loan\",\n      \"field\": \"lastUpdated\",\n      \"value\": \"2021-04-16T05:49:14.232Z\",\n      \"standardValue\": \"2020-11-23T02:42:18.388Z\"\n    },\n    {\n      \"obj\": \"Residential Investment Special Residential Home Loan\",\n      \"field\": \"lastUpdated\",\n      \"value\": \"2021-04-16T05:44:26.849Z\",\n      \"standardValue\": \"2020-10-19T04:19:31.021Z\"\n    },\n    {\n      \"obj\": \"Residential Investment Fixed Rate Home Loan - 5 Year\",\n      \"field\": \"lastUpdated\",\n      \"value\": \"2021-04-16T05:40:34.377Z\",\n      \"standardValue\": \"2020-12-04T05:17:58.855Z\"\n    },\n    {\n      \"obj\": \"Residential Investment Fixed Rate Home Loan - 3 Year\",\n      \"field\": \"lastUpdated\",\n      \"value\": \"2021-04-16T05:39:04.811Z\",\n      \"standardValue\": \"2020-12-04T05:17:11.147Z\"\n    },\n    {\n      \"obj\": \"Residential Investment Fixed Rate Home Loan - 2 Year\",\n      \"field\": \"lastUpdated\",\n      \"value\": \"2021-04-16T05:38:00.051Z\",\n      \"standardValue\": \"2020-12-04T05:16:13.579Z\"\n    },\n    {\n      \"obj\": \"Residential Investment Fixed Rate Home Loan - 2 Year\",\n      \"field\": \"additionalInformation\",\n      \"value\": {\n        \"overviewUri\": \"https://mystate.com.au/home-loans/fixed-rate-home-loan/\",\n        \"termsUri\": \"https://mystate.com.au/home-loans/fixed-rate-home-loan/\",\n        \"eligibilityUri\": \"https://mystate.com.au/home-loans/fixed-rate-home-loan/\",\n        \"feesAndPricingUri\": \"https://mystate.com.au/legal/\",\n        \"bundleUri\": \"\"\n      },\n      \"standardValue\": {\n        \"overviewUri\": \"https://mystate.com.au/home-loans/appointment-request/\",\n        \"termsUri\": \"https://mystate.com.au/home-loans/fixed-rate-home-loan/\",\n        \"eligibilityUri\": \"https://mystate.com.au/home-loans/fixed-rate-home-loan/\",\n        \"feesAndPricingUri\": \"https://mystate.com.au/legal/\",\n        \"bundleUri\": \"\"\n      }\n    },\n    {\n      \"obj\": \"Residential Investment Fixed Rate Home Loan - 1 Year\",\n      \"field\": \"lastUpdated\",\n      \"value\": \"2021-04-16T05:36:50.195Z\",\n      \"standardValue\": \"2020-12-04T05:14:34.085Z\"\n    },\n    {\n      \"obj\": \"Residential Investment Fixed Rate Home Loan - 1 Year\",\n      \"field\": \"additionalInformation\",\n      \"value\": {\n        \"overviewUri\": \"https://mystate.com.au/home-loans/fixed-rate-home-loan/\",\n        \"termsUri\": \"https://mystate.com.au/home-loans/fixed-rate-home-loan/\",\n        \"eligibilityUri\": \"https://mystate.com.au/home-loans/fixed-rate-home-loan/\",\n        \"feesAndPricingUri\": \"https://mystate.com.au/legal/\",\n        \"bundleUri\": \"\"\n      },\n      \"standardValue\": {\n        \"overviewUri\": \"https://mystate.com.au/home-loans/appointment-request/\",\n        \"termsUri\": \"https://mystate.com.au/home-loans/fixed-rate-home-loan/\",\n        \"eligibilityUri\": \"https://mystate.com.au/home-loans/fixed-rate-home-loan/\",\n        \"feesAndPricingUri\": \"https://mystate.com.au/legal/\",\n        \"bundleUri\": \"\"\n      }\n    },\n    {\n      \"obj\": \"Residential Investment Basic Home Loan\",\n      \"field\": \"lastUpdated\",\n      \"value\": \"2021-04-16T05:28:28.619Z\",\n      \"standardValue\": \"2020-12-04T05:13:44.461Z\"\n    },\n    {\n      \"obj\": \"Residential Investment Basic Home Loan\",\n      \"field\": \"additionalInformation\",\n      \"value\": {\n        \"overviewUri\": \"https://mystate.com.au/home-loans/basic-variable-home-loan/\",\n        \"termsUri\": \"https://mystate.com.au/home-loans/basic-variable-home-loan/\",\n        \"eligibilityUri\": \"https://mystate.com.au/home-loans/basic-variable-home-loan/\",\n        \"feesAndPricingUri\": \"https://mystate.com.au/legal/\",\n        \"bundleUri\": \"\"\n      },\n      \"standardValue\": {\n        \"overviewUri\": \"https://mystate.com.au/home-loans/appointment-request/\",\n        \"termsUri\": \"https://mystate.com.au/home-loans/fixed-rate-home-loan/\",\n        \"eligibilityUri\": \"https://mystate.com.au/home-loans/fixed-rate-home-loan/\",\n        \"feesAndPricingUri\": \"https://mystate.com.au/legal/\",\n        \"bundleUri\": \"\"\n      }\n    },\n    {\n      \"obj\": \"Fixed Rate Home Loan - 5 Year\",\n      \"field\": \"lastUpdated\",\n      \"value\": \"2021-04-16T04:18:40.019Z\",\n      \"standardValue\": \"2020-11-23T03:02:52.544Z\"\n    },\n    {\n      \"obj\": \"Fixed Rate Home Loan - 1 Year\",\n      \"field\": \"lastUpdated\",\n      \"value\": \"2021-04-16T04:14:16.428Z\",\n      \"standardValue\": \"2020-11-23T03:10:31.47Z\"\n    },\n    {\n      \"obj\": \"Regular Term Deposit\",\n      \"field\": \"lastUpdated\",\n      \"value\": \"2021-04-16T04:13:22.616Z\",\n      \"standardValue\": \"2020-12-03T23:29:00.761Z\"\n    },\n    {\n      \"obj\": \"Cash on Hand Line of Credit - Secured\",\n      \"field\": \"lastUpdated\",\n      \"value\": \"2021-04-16T04:11:17.928Z\",\n      \"standardValue\": \"2020-11-23T03:13:46.011Z\"\n    },\n    {\n      \"obj\": \"Online Term Deposit\",\n      \"field\": \"lastUpdated\",\n      \"value\": \"2021-04-16T04:09:18.509Z\",\n      \"standardValue\": \"2020-12-03T23:31:46.312Z\"\n    },\n    {\n      \"obj\": \"Business Term Deposit\",\n      \"field\": \"lastUpdated\",\n      \"value\": \"2021-04-16T04:06:29.477Z\",\n      \"standardValue\": \"2020-12-03T23:34:38.541Z\"\n    },\n    {\n      \"obj\": \"Bonus Saver\",\n      \"field\": \"lastUpdated\",\n      \"value\": \"2021-03-31T22:22:54.63Z\",\n      \"standardValue\": \"2020-12-03T23:37:57.31Z\"\n    },\n    {\n      \"obj\": \"Special eSaver\",\n      \"field\": \"lastUpdated\",\n      \"value\": \"2021-03-11T05:03:21.159Z\",\n      \"standardValue\": \"2020-12-03T23:45:37.041Z\"\n    },\n    {\n      \"obj\": \"Dixons High Yield Account\",\n      \"field\": \"lastUpdated\",\n      \"value\": \"2021-03-11T05:01:45.813Z\",\n      \"standardValue\": \"2020-12-14T05:18:02.835Z\"\n    },\n    {\n      \"obj\": \"Access Assist\",\n      \"field\": \"lastUpdated\",\n      \"value\": \"2021-03-11T04:56:18.38Z\",\n      \"standardValue\": \"2020-12-03T23:35:40.397Z\"\n    },\n    {\n      \"obj\": \"Business Overdraft\",\n      \"field\": \"additionalInformation\",\n      \"value\": null,\n      \"standardValue\": {\n        \"overviewUri\": null,\n        \"termsUri\": null,\n        \"eligibilityUri\": null,\n        \"feesAndPricingUri\": null,\n        \"bundleUri\": null\n      }\n    },\n    {\n      \"obj\": \"Business Loan - Non Residential Security\",\n      \"field\": \"additionalInformation\",\n      \"value\": null,\n      \"standardValue\": {\n        \"overviewUri\": null,\n        \"termsUri\": null,\n        \"eligibilityUri\": null,\n        \"feesAndPricingUri\": null,\n        \"bundleUri\": null\n      }\n    },\n    {\n      \"obj\": \"Business Loan - Residential Security\",\n      \"field\": \"additionalInformation\",\n      \"value\": null,\n      \"standardValue\": {\n        \"overviewUri\": null,\n        \"termsUri\": null,\n        \"eligibilityUri\": null,\n        \"feesAndPricingUri\": null,\n        \"bundleUri\": null\n      }\n    }\n  ]\n}",
                  "code": "const { products } = productsData.body.data;\nlet errorArray = [];\nif (products.length) {\n  products.forEach(product => {\n    const standardData = standardProducts.filter(i => product.productId === i.productId)[0];\n    const error = schemaValueCheck(product, standardData);\n    if (error.length) {\n      errorArray = errorArray.concat(error);\n    }\n  })\n}\nif (errorArray.length) {\n  addContext(this, {\n    title: 'Unmatched field value',\n    value: errorArray,\n  });\n}\nexpect(errorArray.length).to.be.eq(0);",
                  "err": {
                    "message": "AssertionError: expected 28 to equal 0",
                    "estack": "AssertionError: expected 28 to equal 0\n    at Context.<anonymous> (file:///C:/Users/Administrator/OneDrive/%E6%A1%8C%E9%9D%A2/API%20Testing/banking-api-tests/test/products.js:166:39)\n    at processImmediate (internal/timers.js:461:21)",
                    "diff": "- 28\n+ 0\n"
                  },
                  "uuid": "03ab364b-47df-4535-b216-ebf5ff18f5a8",
                  "parentUUID": "b2756b39-b6d7-4083-8fcc-c2cb3ff66619",
                  "isHook": false,
                  "skipped": false
                }
              ],
              "suites": [],
              "passes": [
                "43639229-1ae7-448c-b158-4cb6f4c1f4f7",
                "2d610174-c780-4c07-b9cf-5acd65b0c283",
                "05107a21-0c12-440a-969d-2accaffba64e",
                "c6b54868-f5ae-4c53-8148-fc3f43bdf623",
                "41d96065-ba7d-4ffb-8675-3cb07d6c6502",
                "d58aea8f-135b-4303-a80a-5136bd34edf3"
              ],
              "failures": [
                "52522d2a-6137-43f0-a74a-5096c961c5bf",
                "1e1c4b6d-ec23-4c2a-b27b-3b810bfb87cb",
                "03ab364b-47df-4535-b216-ebf5ff18f5a8"
              ],
              "pending": [],
              "skipped": [],
              "duration": 65,
              "root": false,
              "rootEmpty": false,
              "_timeout": 5000
            },
            {
              "uuid": "27425bb9-0215-460e-8bcb-9fe81cedd255",
              "title": "Get Products with query string",
              "fullFile": "C:\\Users\\Administrator\\OneDrive\\桌面\\API Testing\\banking-api-tests\\test\\products.js",
              "file": "\\test\\products.js",
              "beforeHooks": [],
              "afterHooks": [],
              "tests": [],
              "suites": [
                {
                  "uuid": "eff0a478-81dd-4042-a29b-a601f3093370",
                  "title": "Get Products with page query",
                  "fullFile": "C:\\Users\\Administrator\\OneDrive\\桌面\\API Testing\\banking-api-tests\\test\\products.js",
                  "file": "\\test\\products.js",
                  "beforeHooks": [],
                  "afterHooks": [],
                  "tests": [],
                  "suites": [
                    {
                      "uuid": "17c0a472-bd7d-40a5-ba87-99807603970a",
                      "title": "get mandatory properties when its not the last page",
                      "fullFile": "C:\\Users\\Administrator\\OneDrive\\桌面\\API Testing\\banking-api-tests\\test\\products.js",
                      "file": "\\test\\products.js",
                      "beforeHooks": [
                        {
                          "title": "\"before all\" hook in \"get mandatory properties when its not the last page\"",
                          "fullTitle": "Get Products Get Products with query string Get Products with page query get mandatory properties when its not the last page \"before all\" hook in \"get mandatory properties when its not the last page\"",
                          "timedOut": false,
                          "duration": 286,
                          "state": null,
                          "speed": null,
                          "pass": false,
                          "fail": false,
                          "pending": false,
                          "context": null,
                          "code": "// TODO May be need to generate a random page number (Faker.js)\nproductsData = await getProducts('page=1');\ntotalPages = productsData.body.meta.totalPages;",
                          "err": {},
                          "uuid": "7a4d7d9f-7f71-4df2-bc20-60423871a0c8",
                          "parentUUID": "17c0a472-bd7d-40a5-ba87-99807603970a",
                          "isHook": true,
                          "skipped": false
                        }
                      ],
                      "afterHooks": [],
                      "tests": [
                        {
                          "title": "have standard pagination",
                          "fullTitle": "Get Products Get Products with query string Get Products with page query get mandatory properties when its not the last page have standard pagination",
                          "timedOut": false,
                          "duration": 0,
                          "state": "passed",
                          "speed": "fast",
                          "pass": true,
                          "fail": false,
                          "pending": false,
                          "context": null,
                          "code": "const { products } = productsData.body.data;\nif (totalPages > 1) {\n  return expect(products).to.have.lengthOf(PAGINATION.STANDARD_PAGINATION);\n}",
                          "err": {},
                          "uuid": "0a609ed3-de21-4e11-a390-374a1a08e514",
                          "parentUUID": "17c0a472-bd7d-40a5-ba87-99807603970a",
                          "isHook": false,
                          "skipped": false
                        },
                        {
                          "title": "have last properties inside the links when its not the last page",
                          "fullTitle": "Get Products Get Products with query string Get Products with page query get mandatory properties when its not the last page have last properties inside the links when its not the last page",
                          "timedOut": false,
                          "duration": 1,
                          "state": "passed",
                          "speed": "fast",
                          "pass": true,
                          "fail": false,
                          "pending": false,
                          "context": null,
                          "code": "if (totalPages > 1) {\n  return expect(productsData.body.links).to.have.property('last');\n}",
                          "err": {},
                          "uuid": "a923a449-194c-4995-9053-41cfc95f4a52",
                          "parentUUID": "17c0a472-bd7d-40a5-ba87-99807603970a",
                          "isHook": false,
                          "skipped": false
                        },
                        {
                          "title": "have next properties inside the links when its not the last page",
                          "fullTitle": "Get Products Get Products with query string Get Products with page query get mandatory properties when its not the last page have next properties inside the links when its not the last page",
                          "timedOut": false,
                          "duration": 0,
                          "state": "passed",
                          "speed": "fast",
                          "pass": true,
                          "fail": false,
                          "pending": false,
                          "context": null,
                          "code": "if (totalPages > 1) {\n  return expect(productsData.body.links).to.have.property('next');\n}",
                          "err": {},
                          "uuid": "3e861fdc-55ee-40c5-bac5-351e638a2243",
                          "parentUUID": "17c0a472-bd7d-40a5-ba87-99807603970a",
                          "isHook": false,
                          "skipped": false
                        }
                      ],
                      "suites": [],
                      "passes": [
                        "0a609ed3-de21-4e11-a390-374a1a08e514",
                        "a923a449-194c-4995-9053-41cfc95f4a52",
                        "3e861fdc-55ee-40c5-bac5-351e638a2243"
                      ],
                      "failures": [],
                      "pending": [],
                      "skipped": [],
                      "duration": 1,
                      "root": false,
                      "rootEmpty": false,
                      "_timeout": 5000
                    },
                    {
                      "uuid": "ea4aaad4-ca4a-4258-8b86-9fac95496105",
                      "title": "get mandatory properties when its not the first page",
                      "fullFile": "C:\\Users\\Administrator\\OneDrive\\桌面\\API Testing\\banking-api-tests\\test\\products.js",
                      "file": "\\test\\products.js",
                      "beforeHooks": [
                        {
                          "title": "\"before all\" hook in \"get mandatory properties when its not the first page\"",
                          "fullTitle": "Get Products Get Products with query string Get Products with page query get mandatory properties when its not the first page \"before all\" hook in \"get mandatory properties when its not the first page\"",
                          "timedOut": false,
                          "duration": 1005,
                          "state": null,
                          "speed": null,
                          "pass": false,
                          "fail": false,
                          "pending": false,
                          "context": null,
                          "code": "// TODO May be need to generate a random page number (Faker.js)\nproductsData = await getProducts('page=2');\ntotalPages = productsData.body.meta.totalPages;",
                          "err": {},
                          "uuid": "fde135fc-cb45-47e5-8b11-468460676a99",
                          "parentUUID": "ea4aaad4-ca4a-4258-8b86-9fac95496105",
                          "isHook": true,
                          "skipped": false
                        }
                      ],
                      "afterHooks": [],
                      "tests": [
                        {
                          "title": "have first properties inside the links when its not the first page",
                          "fullTitle": "Get Products Get Products with query string Get Products with page query get mandatory properties when its not the first page have first properties inside the links when its not the first page",
                          "timedOut": false,
                          "duration": 0,
                          "state": "passed",
                          "speed": "fast",
                          "pass": true,
                          "fail": false,
                          "pending": false,
                          "context": null,
                          "code": "if (totalPages > 1) {\n  expect(productsData.body.links).to.have.property('first');\n}",
                          "err": {},
                          "uuid": "493db387-456b-40f0-9ec0-638d7c38f00a",
                          "parentUUID": "ea4aaad4-ca4a-4258-8b86-9fac95496105",
                          "isHook": false,
                          "skipped": false
                        },
                        {
                          "title": "have prev properties inside the links when its not the first page",
                          "fullTitle": "Get Products Get Products with query string Get Products with page query get mandatory properties when its not the first page have prev properties inside the links when its not the first page",
                          "timedOut": false,
                          "duration": 0,
                          "state": "passed",
                          "speed": "fast",
                          "pass": true,
                          "fail": false,
                          "pending": false,
                          "context": null,
                          "code": "if (totalPages > 1) {\n  expect(productsData.body.links).to.have.property('prev');\n}",
                          "err": {},
                          "uuid": "d7c5cb05-9865-4a3b-bc86-0bad6f872c04",
                          "parentUUID": "ea4aaad4-ca4a-4258-8b86-9fac95496105",
                          "isHook": false,
                          "skipped": false
                        }
                      ],
                      "suites": [],
                      "passes": [
                        "493db387-456b-40f0-9ec0-638d7c38f00a",
                        "d7c5cb05-9865-4a3b-bc86-0bad6f872c04"
                      ],
                      "failures": [],
                      "pending": [],
                      "skipped": [],
                      "duration": 0,
                      "root": false,
                      "rootEmpty": false,
                      "_timeout": 5000
                    }
                  ],
                  "passes": [],
                  "failures": [],
                  "pending": [],
                  "skipped": [],
                  "duration": 0,
                  "root": false,
                  "rootEmpty": false,
                  "_timeout": 5000
                },
                {
                  "uuid": "abb3b539-2586-4e04-a531-11186845306a",
                  "title": "Get Products with page-size query",
                  "fullFile": "C:\\Users\\Administrator\\OneDrive\\桌面\\API Testing\\banking-api-tests\\test\\products.js",
                  "file": "\\test\\products.js",
                  "beforeHooks": [],
                  "afterHooks": [],
                  "tests": [],
                  "suites": [
                    {
                      "uuid": "2e316b76-f1b8-4e40-a0db-94ce131b87c5",
                      "title": "Negative testing",
                      "fullFile": "C:\\Users\\Administrator\\OneDrive\\桌面\\API Testing\\banking-api-tests\\test\\products.js",
                      "file": "\\test\\products.js",
                      "beforeHooks": [],
                      "afterHooks": [],
                      "tests": [
                        {
                          "title": "Return error when page-size parameter value is incorrect",
                          "fullTitle": "Get Products Get Products with query string Get Products with page-size query Negative testing Return error when page-size parameter value is incorrect",
                          "timedOut": false,
                          "duration": 143,
                          "state": "passed",
                          "speed": "slow",
                          "pass": true,
                          "fail": false,
                          "pending": false,
                          "context": null,
                          "code": "const randowValue = faker.lorem.word();\nif (!isNaturalNumber(randowValue)) {\n  productsData = await getProducts(`page-size=${randowValue}`)\n  expect(productsData.statusCode).to.be.eq(400);\n  expect(productsData.body).to.have.property('errors');\n}",
                          "err": {},
                          "uuid": "692085be-f814-4bd8-9ef7-bf282e7f736f",
                          "parentUUID": "2e316b76-f1b8-4e40-a0db-94ce131b87c5",
                          "isHook": false,
                          "skipped": false
                        },
                        {
                          "title": "Return error when page-size parameter value too small (less than 1)",
                          "fullTitle": "Get Products Get Products with query string Get Products with page-size query Negative testing Return error when page-size parameter value too small (less than 1)",
                          "timedOut": false,
                          "duration": 135,
                          "state": "passed",
                          "speed": "slow",
                          "pass": true,
                          "fail": false,
                          "pending": false,
                          "context": null,
                          "code": "const randowNumber = faker.datatype.number();\nlet pageSize;\nif (randowNumber === 0) {\n  pageSize = 0;\n} else {\n  pageSize = faker.datatype.number() * -1;\n}\nproductsData = await getProducts(`page-size=${pageSize}`)\nexpect(productsData.statusCode).to.be.eq(422);\nexpect(productsData.body).to.have.property('errors');",
                          "err": {},
                          "uuid": "c184e99a-32ce-4faf-9ffc-bd8eb801c02a",
                          "parentUUID": "2e316b76-f1b8-4e40-a0db-94ce131b87c5",
                          "isHook": false,
                          "skipped": false
                        },
                        {
                          "title": "Return error when page-size parameter value too large (greater than 1000)",
                          "fullTitle": "Get Products Get Products with query string Get Products with page-size query Negative testing Return error when page-size parameter value too large (greater than 1000)",
                          "timedOut": false,
                          "duration": 136,
                          "state": "passed",
                          "speed": "slow",
                          "pass": true,
                          "fail": false,
                          "pending": false,
                          "context": null,
                          "code": "const pageSize = faker.datatype.number({ min: PAGINATION.MAX_PAGE_SIZE + 1 });\nproductsData = await getProducts(`page-size=${pageSize}`)\nexpect(productsData.statusCode).to.be.eq(422);\nexpect(productsData.body).to.have.property('errors');",
                          "err": {},
                          "uuid": "79e769e3-cd5c-4c2c-ba0d-61c8809f50bf",
                          "parentUUID": "2e316b76-f1b8-4e40-a0db-94ce131b87c5",
                          "isHook": false,
                          "skipped": false
                        }
                      ],
                      "suites": [],
                      "passes": [
                        "692085be-f814-4bd8-9ef7-bf282e7f736f",
                        "c184e99a-32ce-4faf-9ffc-bd8eb801c02a",
                        "79e769e3-cd5c-4c2c-ba0d-61c8809f50bf"
                      ],
                      "failures": [],
                      "pending": [],
                      "skipped": [],
                      "duration": 414,
                      "root": false,
                      "rootEmpty": false,
                      "_timeout": 5000
                    },
                    {
                      "uuid": "3e180aa5-55d7-4519-8233-ea53f5724990",
                      "title": "get correct page size when there is correct parameter page-size query",
                      "fullFile": "C:\\Users\\Administrator\\OneDrive\\桌面\\API Testing\\banking-api-tests\\test\\products.js",
                      "file": "\\test\\products.js",
                      "beforeHooks": [
                        {
                          "title": "\"before all\" hook in \"get correct page size when there is correct parameter page-size query\"",
                          "fullTitle": "Get Products Get Products with query string Get Products with page-size query get correct page size when there is correct parameter page-size query \"before all\" hook in \"get correct page size when there is correct parameter page-size query\"",
                          "timedOut": false,
                          "duration": 167,
                          "state": null,
                          "speed": null,
                          "pass": false,
                          "fail": false,
                          "pending": false,
                          "context": null,
                          "code": "productsData = await getProducts();\ntotalRecords = productsData.body.meta.totalRecords;",
                          "err": {},
                          "uuid": "87ed57e9-2f80-4485-bb29-9804ccfac32d",
                          "parentUUID": "3e180aa5-55d7-4519-8233-ea53f5724990",
                          "isHook": true,
                          "skipped": false
                        }
                      ],
                      "afterHooks": [],
                      "tests": [
                        {
                          "title": "having correct page-size when page-size is no greater than totalRecords",
                          "fullTitle": "Get Products Get Products with query string Get Products with page-size query get correct page size when there is correct parameter page-size query having correct page-size when page-size is no greater than totalRecords",
                          "timedOut": false,
                          "duration": 312,
                          "state": "passed",
                          "speed": "slow",
                          "pass": true,
                          "fail": false,
                          "pending": false,
                          "context": null,
                          "code": "pageSize = faker.datatype.number({ min: 1, max: totalRecords });\nproductsData = await getProducts(`page-size=${pageSize}`);\nconst { products } = productsData.body.data;\nexpect(products).to.have.lengthOf(pageSize);",
                          "err": {},
                          "uuid": "2dbe0836-ee6f-4fba-b3bd-80f2addf5c85",
                          "parentUUID": "3e180aa5-55d7-4519-8233-ea53f5724990",
                          "isHook": false,
                          "skipped": false
                        },
                        {
                          "title": "having correct page-size when page-size is greater than totalRecords",
                          "fullTitle": "Get Products Get Products with query string Get Products with page-size query get correct page size when there is correct parameter page-size query having correct page-size when page-size is greater than totalRecords",
                          "timedOut": false,
                          "duration": 386,
                          "state": "passed",
                          "speed": "slow",
                          "pass": true,
                          "fail": false,
                          "pending": false,
                          "context": null,
                          "code": "pageSize = faker.datatype.number({ min: totalRecords + 1, max: PAGINATION.MAX_PAGE_SIZE });\nproductsData = await getProducts(`page-size=${pageSize}`);\nconst { products } = productsData.body.data;\nexpect(products).to.have.lengthOf(totalRecords);",
                          "err": {},
                          "uuid": "7e3e2368-f7a1-46ce-8683-5f7363e29c2f",
                          "parentUUID": "3e180aa5-55d7-4519-8233-ea53f5724990",
                          "isHook": false,
                          "skipped": false
                        }
                      ],
                      "suites": [],
                      "passes": [
                        "2dbe0836-ee6f-4fba-b3bd-80f2addf5c85",
                        "7e3e2368-f7a1-46ce-8683-5f7363e29c2f"
                      ],
                      "failures": [],
                      "pending": [],
                      "skipped": [],
                      "duration": 698,
                      "root": false,
                      "rootEmpty": false,
                      "_timeout": 5000
                    }
                  ],
                  "passes": [],
                  "failures": [],
                  "pending": [],
                  "skipped": [],
                  "duration": 0,
                  "root": false,
                  "rootEmpty": false,
                  "_timeout": 5000
                },
                {
                  "uuid": "2aaf0fc1-ab15-4ced-b57e-50b7686f627c",
                  "title": "Get Products with effective query",
                  "fullFile": "C:\\Users\\Administrator\\OneDrive\\桌面\\API Testing\\banking-api-tests\\test\\products.js",
                  "file": "\\test\\products.js",
                  "beforeHooks": [],
                  "afterHooks": [],
                  "tests": [
                    {
                      "title": "validate query string parameter value",
                      "fullTitle": "Get Products Get Products with query string Get Products with effective query validate query string parameter value",
                      "timedOut": false,
                      "duration": 550,
                      "state": "passed",
                      "speed": "slow",
                      "pass": true,
                      "fail": false,
                      "pending": false,
                      "context": null,
                      "code": "const randomValue = faker.lorem.word();\nif (!EFFECTIVE[randomValue]) {\n  productsData = await getProducts(`effective=${randomValue}`);\n  expect(productsData.status).to.be.eq(400);\n  expect(productsData.body.errors[0].title).to.be.eq('Invalid query string parameter value');\n}",
                      "err": {},
                      "uuid": "163b485b-43f8-42d9-94cf-6737aeb6c847",
                      "parentUUID": "2aaf0fc1-ab15-4ced-b57e-50b7686f627c",
                      "isHook": false,
                      "skipped": false
                    },
                    {
                      "title": "get correct result when query string parameter value is ALL",
                      "fullTitle": "Get Products Get Products with query string Get Products with effective query get correct result when query string parameter value is ALL",
                      "timedOut": false,
                      "duration": 1580,
                      "state": "passed",
                      "speed": "slow",
                      "pass": true,
                      "fail": false,
                      "pending": false,
                      "context": null,
                      "code": "productsData = await getProducts(`effective=${EFFECTIVE.ALL}`);\nconst { totalRecords } = productsData.body.meta;\nif (totalRecords === 0) return;\nif (totalRecords > 25) {\n  productsData = await getProducts(`effective=${EFFECTIVE.ALL}&page-size=${totalRecords}`);\n}\nconst { products } = productsData.body.data;\nexpect(products.length).to.be.eq(totalRecords);",
                      "err": {},
                      "uuid": "dfac1d9a-924e-417b-affd-781341826d1f",
                      "parentUUID": "2aaf0fc1-ab15-4ced-b57e-50b7686f627c",
                      "isHook": false,
                      "skipped": false
                    },
                    {
                      "title": "get correct result when query string parameter value is FUTURE",
                      "fullTitle": "Get Products Get Products with query string Get Products with effective query get correct result when query string parameter value is FUTURE",
                      "timedOut": false,
                      "duration": 206,
                      "state": "passed",
                      "speed": "slow",
                      "pass": true,
                      "fail": false,
                      "pending": false,
                      "context": null,
                      "code": "productsData = await getProducts(`effective=${EFFECTIVE.FUTURE}`);\nconst { totalRecords } = productsData.body.meta;\nif (totalRecords) {\n  if (totalRecords > 25) {\n    productsData = await getProducts(`effective=${EFFECTIVE.FUTURE}&page-size=${totalRecords}`);\n  }\n  const { products } = productsData.body.data;\n  const futureProducts = getProductsByEffective(products, EFFECTIVE.FUTURE);\n  expect(products.length).to.be.eq(futureProducts.length);\n}",
                      "err": {},
                      "uuid": "09be32e9-378e-4e1b-9fbe-ffd9d8e10757",
                      "parentUUID": "2aaf0fc1-ab15-4ced-b57e-50b7686f627c",
                      "isHook": false,
                      "skipped": false
                    },
                    {
                      "title": "get correct result when query string parameter value is CURRENT",
                      "fullTitle": "Get Products Get Products with query string Get Products with effective query get correct result when query string parameter value is CURRENT",
                      "timedOut": false,
                      "duration": 748,
                      "state": "failed",
                      "speed": null,
                      "pass": false,
                      "fail": true,
                      "pending": false,
                      "context": "{\n  \"title\": \"Incorrect effective filter\",\n  \"value\": [\n    {\n      \"productId\": \"3f0cfe83-93c5-48f1-9b82-8977312e0a74\",\n      \"effectiveFrom\": \"2020-12-13T13:00:00Z\",\n      \"effectiveTo\": null,\n      \"lastUpdated\": \"2021-04-25T23:47:08.507Z\",\n      \"productCategory\": \"TERM_DEPOSITS\",\n      \"name\": \"AMM - Regular Term Deposit\",\n      \"description\": \"Available only through Australian Money Market\",\n      \"brand\": \"MyState Bank\",\n      \"brandName\": \"\",\n      \"applicationUri\": \"\",\n      \"isTailored\": false,\n      \"additionalInformation\": {\n        \"overviewUri\": \"https://mystate.com.au/term-deposits/\",\n        \"termsUri\": \"https://mystate.com.au/legal/\",\n        \"eligibilityUri\": \"https://mystate.com.au/legal/\",\n        \"feesAndPricingUri\": \"https://mystate.com.au/legal/\",\n        \"bundleUri\": \"\"\n      },\n      \"cardArt\": []\n    },\n    {\n      \"productId\": \"2ffb0e9c-2a28-4200-9019-3436356adc9e\",\n      \"effectiveFrom\": \"2020-12-13T13:00:00Z\",\n      \"effectiveTo\": null,\n      \"lastUpdated\": \"2021-04-25T23:45:20.267Z\",\n      \"productCategory\": \"TERM_DEPOSITS\",\n      \"name\": \"Cashwerkz - Regular Term Deposit\",\n      \"description\": \"Available only through Cashwerkz\",\n      \"brand\": \"MyState Bank\",\n      \"brandName\": \"\",\n      \"applicationUri\": \"\",\n      \"isTailored\": false,\n      \"additionalInformation\": {\n        \"overviewUri\": \"https://mystate.com.au/term-deposits/\",\n        \"termsUri\": \"https://mystate.com.au/legal/\",\n        \"eligibilityUri\": \"https://mystate.com.au/legal/\",\n        \"feesAndPricingUri\": \"https://mystate.com.au/legal/\",\n        \"bundleUri\": \"\"\n      },\n      \"cardArt\": []\n    },\n    {\n      \"productId\": \"d79525be-1309-48e6-b034-4ed1a2ba17a1\",\n      \"effectiveFrom\": null,\n      \"effectiveTo\": null,\n      \"lastUpdated\": \"2021-04-16T05:56:49.071Z\",\n      \"productCategory\": \"RESIDENTIAL_MORTGAGES\",\n      \"name\": \"Fixed Rate Home Loan - 3 Year\",\n      \"description\": \"With a fixed interest home loan rate your repayments remain the same for the selected term.\\nWith a guaranteed interest rate you know exactly how much you’re going to pay every time. At the end of the selected term, the home loan interest rate converts to our Standard Variable Home Loan rate current at that time.\\n\\nA fixed home loan rate is great if you’re buying an owner-occupied home, investment property, vacant land or refinancing home loans from another lender, and if you want protection from interest rate increases and certainty of repayments.\",\n      \"brand\": \"MyState Bank\",\n      \"brandName\": \"\",\n      \"applicationUri\": \"https://mystate.com.au/home-loans/appointment-request/\",\n      \"isTailored\": false,\n      \"additionalInformation\": {\n        \"overviewUri\": \"https://mystate.com.au/home-loans/fixed-rate-home-loan/\",\n        \"termsUri\": \"https://mystate.com.au/home-loans/fixed-rate-home-loan/\",\n        \"eligibilityUri\": \"https://mystate.com.au/home-loans/fixed-rate-home-loan/\",\n        \"feesAndPricingUri\": \"https://mystate.com.au/legal/\",\n        \"bundleUri\": \"\"\n      },\n      \"cardArt\": []\n    },\n    {\n      \"productId\": \"c79e0919-f7ef-4293-88ad-747e8e6a9124\",\n      \"effectiveFrom\": null,\n      \"effectiveTo\": null,\n      \"lastUpdated\": \"2021-04-16T05:55:25.628Z\",\n      \"productCategory\": \"RESIDENTIAL_MORTGAGES\",\n      \"name\": \"Fixed Rate Home Loan - 2 Year\",\n      \"description\": \"With a fixed interest home loan rate your repayments remain the same for the selected term.\\nWith a guaranteed interest rate you know exactly how much you’re going to pay every time. At the end of the selected term, the home loan interest rate converts to our Standard Variable Home Loan rate current at that time.\\n\\nA fixed home loan rate is great if you’re buying an owner-occupied home, investment property, vacant land or refinancing home loans from another lender, and if you want protection from interest rate increases and certainty of repayments.\",\n      \"brand\": \"MyState Bank\",\n      \"brandName\": \"\",\n      \"applicationUri\": \"https://mystate.com.au/home-loans/appointment-request/\",\n      \"isTailored\": false,\n      \"additionalInformation\": {\n        \"overviewUri\": \"https://mystate.com.au/home-loans/fixed-rate-home-loan/\",\n        \"termsUri\": \"https://mystate.com.au/home-loans/fixed-rate-home-loan/\",\n        \"eligibilityUri\": \"https://mystate.com.au/home-loans/fixed-rate-home-loan/\",\n        \"feesAndPricingUri\": \"https://mystate.com.au/legal/\",\n        \"bundleUri\": \"\"\n      },\n      \"cardArt\": []\n    },\n    {\n      \"productId\": \"fb4d69dc-3c6f-4881-b119-e7ef24574402\",\n      \"effectiveFrom\": null,\n      \"effectiveTo\": null,\n      \"lastUpdated\": \"2021-04-16T05:52:42.16Z\",\n      \"productCategory\": \"RESIDENTIAL_MORTGAGES\",\n      \"name\": \"Basic Home Loan\",\n      \"description\": \"Get a loan that’s simple to use and easy to understand.\\n\\nJust a great low rate that helps you pay your home off faster. Available on new loans $100,000+, borrowing less than 90% of the property value subject to loan approval and lenders mortgage insurance requirements3, with flexible repayment options – weekly, fortnightly or monthly. Plus your deposit is eligible for Parental Guarantee.\\n\",\n      \"brand\": \"MyState Bank\",\n      \"brandName\": \"\",\n      \"applicationUri\": \"https://mystate.com.au/home-loans/appointment-request/\",\n      \"isTailored\": false,\n      \"additionalInformation\": {\n        \"overviewUri\": \"https://mystate.com.au/home-loans/basic-variable-home-loan/\",\n        \"termsUri\": \"https://mystate.com.au/home-loans/basic-variable-home-loan/\",\n        \"eligibilityUri\": \"https://mystate.com.au/home-loans/basic-variable-home-loan/\",\n        \"feesAndPricingUri\": \"https://mystate.com.au/legal/\",\n        \"bundleUri\": \"\"\n      },\n      \"cardArt\": []\n    },\n    {\n      \"productId\": \"b83165c5-e1bc-4c08-9de0-4443be5ca14d\",\n      \"effectiveFrom\": null,\n      \"effectiveTo\": null,\n      \"lastUpdated\": \"2021-04-16T05:49:14.232Z\",\n      \"productCategory\": \"RESIDENTIAL_MORTGAGES\",\n      \"name\": \"Special Residential Home Loan\",\n      \"description\": \"MyState offers a premium variable rate product for customers seeking a home loan in excess of $100,000.\\nIf you’re buying or building your own home, a residential investment property, a block of land, looking to refinance your home loan from another lender or simply topping up your existing home loan with MyState, now is the time to take advantage of this great offer. And deposits are eligible for Parental Guarantee.\",\n      \"brand\": \"MyState Bank\",\n      \"brandName\": \"\",\n      \"applicationUri\": \"https://mystate.com.au/home-loans/appointment-request/\",\n      \"isTailored\": false,\n      \"additionalInformation\": {\n        \"overviewUri\": \"https://mystate.com.au/home-loans/special-residential-home-loan/\",\n        \"termsUri\": \"https://mystate.com.au/home-loans/special-residential-home-loan/\",\n        \"eligibilityUri\": \"https://mystate.com.au/home-loans/special-residential-home-loan/\",\n        \"feesAndPricingUri\": \"https://mystate.com.au/legal/\",\n        \"bundleUri\": \"\"\n      },\n      \"cardArt\": []\n    },\n    {\n      \"productId\": \"b13581d5-26f6-4668-8134-bf50155c7565\",\n      \"effectiveFrom\": null,\n      \"effectiveTo\": null,\n      \"lastUpdated\": \"2021-04-16T05:44:26.849Z\",\n      \"productCategory\": \"RESIDENTIAL_MORTGAGES\",\n      \"name\": \"Residential Investment Special Residential Home Loan\",\n      \"description\": \"MyState offers a premium variable rate product for customers seeking a home loan in excess of $100,000.\\nIf you’re buying or building your own home, a residential investment property, a block of land, looking to refinance your home loan from another lender or simply topping up your existing home loan with MyState, now is the time to take advantage of this great offer. And deposits are eligible for Parental Guarantee.\",\n      \"brand\": \"MyState Bank\",\n      \"brandName\": \"\",\n      \"applicationUri\": \"https://mystate.com.au/home-loans/appointment-request/\",\n      \"isTailored\": false,\n      \"additionalInformation\": {\n        \"overviewUri\": \"https://mystate.com.au/home-loans/special-residential-home-loan/\",\n        \"termsUri\": \"https://mystate.com.au/home-loans/special-residential-home-loan/\",\n        \"eligibilityUri\": \"https://mystate.com.au/home-loans/special-residential-home-loan/\",\n        \"feesAndPricingUri\": \"https://mystate.com.au/legal/\",\n        \"bundleUri\": \"\"\n      },\n      \"cardArt\": []\n    },\n    {\n      \"productId\": \"7671eaa8-549b-48eb-a73e-ed6547ff40ed\",\n      \"effectiveFrom\": null,\n      \"effectiveTo\": null,\n      \"lastUpdated\": \"2021-04-16T05:40:34.377Z\",\n      \"productCategory\": \"RESIDENTIAL_MORTGAGES\",\n      \"name\": \"Residential Investment Fixed Rate Home Loan - 5 Year\",\n      \"description\": \"With a fixed interest home loan rate your repayments remain the same for the selected term.\\nWith a guaranteed interest rate you know exactly how much you’re going to pay every time. At the end of the selected term, the home loan interest rate converts to our Standard Variable Home Loan rate current at that time.\\n\\nA fixed home loan rate is great if you’re buying an owner-occupied home, investment property, vacant land or refinancing home loans from another lender, and if you want protection from interest rate increases and certainty of repayments.\",\n      \"brand\": \"MyState Bank\",\n      \"brandName\": \"\",\n      \"applicationUri\": \"https://mystate.com.au/home-loans/appointment-request/\",\n      \"isTailored\": false,\n      \"additionalInformation\": {\n        \"overviewUri\": \"https://mystate.com.au/home-loans/fixed-rate-home-loan/\",\n        \"termsUri\": \"https://mystate.com.au/home-loans/fixed-rate-home-loan/\",\n        \"eligibilityUri\": \"https://mystate.com.au/home-loans/fixed-rate-home-loan/\",\n        \"feesAndPricingUri\": \"https://mystate.com.au/legal/\",\n        \"bundleUri\": \"\"\n      },\n      \"cardArt\": []\n    },\n    {\n      \"productId\": \"59135ea8-1e72-4750-931b-32ae0cb0973a\",\n      \"effectiveFrom\": null,\n      \"effectiveTo\": null,\n      \"lastUpdated\": \"2021-04-16T05:39:04.811Z\",\n      \"productCategory\": \"RESIDENTIAL_MORTGAGES\",\n      \"name\": \"Residential Investment Fixed Rate Home Loan - 3 Year\",\n      \"description\": \"With a fixed interest home loan rate your repayments remain the same for the selected term.\\nWith a guaranteed interest rate you know exactly how much you’re going to pay every time. At the end of the selected term, the home loan interest rate converts to our Standard Variable Home Loan rate current at that time.\\n\\nA fixed home loan rate is great if you’re buying an owner-occupied home, investment property, vacant land or refinancing home loans from another lender, and if you want protection from interest rate increases and certainty of repayments.\",\n      \"brand\": \"MyState Bank\",\n      \"brandName\": \"\",\n      \"applicationUri\": \"https://mystate.com.au/home-loans/appointment-request/\",\n      \"isTailored\": false,\n      \"additionalInformation\": {\n        \"overviewUri\": \"https://mystate.com.au/home-loans/fixed-rate-home-loan/\",\n        \"termsUri\": \"https://mystate.com.au/home-loans/fixed-rate-home-loan/\",\n        \"eligibilityUri\": \"https://mystate.com.au/home-loans/fixed-rate-home-loan/\",\n        \"feesAndPricingUri\": \"https://mystate.com.au/legal/\",\n        \"bundleUri\": \"\"\n      },\n      \"cardArt\": []\n    },\n    {\n      \"productId\": \"f9e7d1e6-d534-4a72-8fbe-36970d6b4b25\",\n      \"effectiveFrom\": null,\n      \"effectiveTo\": null,\n      \"lastUpdated\": \"2021-04-16T05:38:00.051Z\",\n      \"productCategory\": \"RESIDENTIAL_MORTGAGES\",\n      \"name\": \"Residential Investment Fixed Rate Home Loan - 2 Year\",\n      \"description\": \"With a fixed interest home loan rate your repayments remain the same for the selected term.\\nWith a guaranteed interest rate you know exactly how much you’re going to pay every time. At the end of the selected term, the home loan interest rate converts to our Standard Variable Home Loan rate current at that time.\\n\\nA fixed home loan rate is great if you’re buying an owner-occupied home, investment property, vacant land or refinancing home loans from another lender, and if you want protection from interest rate increases and certainty of repayments.\",\n      \"brand\": \"MyState Bank\",\n      \"brandName\": \"\",\n      \"applicationUri\": \"https://mystate.com.au/home-loans/appointment-request/\",\n      \"isTailored\": false,\n      \"additionalInformation\": {\n        \"overviewUri\": \"https://mystate.com.au/home-loans/fixed-rate-home-loan/\",\n        \"termsUri\": \"https://mystate.com.au/home-loans/fixed-rate-home-loan/\",\n        \"eligibilityUri\": \"https://mystate.com.au/home-loans/fixed-rate-home-loan/\",\n        \"feesAndPricingUri\": \"https://mystate.com.au/legal/\",\n        \"bundleUri\": \"\"\n      },\n      \"cardArt\": []\n    },\n    {\n      \"productId\": \"e47d006c-6c28-4462-8ee1-200928d21882\",\n      \"effectiveFrom\": null,\n      \"effectiveTo\": null,\n      \"lastUpdated\": \"2021-04-16T05:36:50.195Z\",\n      \"productCategory\": \"RESIDENTIAL_MORTGAGES\",\n      \"name\": \"Residential Investment Fixed Rate Home Loan - 1 Year\",\n      \"description\": \"With a fixed interest home loan rate your repayments remain the same for the selected term.\\nWith a guaranteed interest rate you know exactly how much you’re going to pay every time. At the end of the selected term, the home loan interest rate converts to our Standard Variable Home Loan rate current at that time.\\n\\nA fixed home loan rate is great if you’re buying an owner-occupied home, investment property, vacant land or refinancing home loans from another lender, and if you want protection from interest rate increases and certainty of repayments.\",\n      \"brand\": \"MyState Bank\",\n      \"brandName\": \"\",\n      \"applicationUri\": \"https://mystate.com.au/home-loans/appointment-request/\",\n      \"isTailored\": false,\n      \"additionalInformation\": {\n        \"overviewUri\": \"https://mystate.com.au/home-loans/fixed-rate-home-loan/\",\n        \"termsUri\": \"https://mystate.com.au/home-loans/fixed-rate-home-loan/\",\n        \"eligibilityUri\": \"https://mystate.com.au/home-loans/fixed-rate-home-loan/\",\n        \"feesAndPricingUri\": \"https://mystate.com.au/legal/\",\n        \"bundleUri\": \"\"\n      },\n      \"cardArt\": []\n    },\n    {\n      \"productId\": \"20b58701-623f-45c9-9b39-79bcdbfa1c4f\",\n      \"effectiveFrom\": null,\n      \"effectiveTo\": null,\n      \"lastUpdated\": \"2021-04-16T05:28:28.619Z\",\n      \"productCategory\": \"RESIDENTIAL_MORTGAGES\",\n      \"name\": \"Residential Investment Basic Home Loan\",\n      \"description\": \"Get a loan that’s simple to use and easy to understand.\\n\\nJust a great low rate that helps you pay your home off faster. Available on new loans $100,000+, borrowing less than 90% of the property value subject to loan approval and lenders mortgage insurance requirements3, with flexible repayment options – weekly, fortnightly or monthly. Plus your deposit is eligible for Parental Guarantee.\\n\",\n      \"brand\": \"MyState Bank\",\n      \"brandName\": \"\",\n      \"applicationUri\": \"https://mystate.com.au/home-loans/appointment-request/\",\n      \"isTailored\": false,\n      \"additionalInformation\": {\n        \"overviewUri\": \"https://mystate.com.au/home-loans/basic-variable-home-loan/\",\n        \"termsUri\": \"https://mystate.com.au/home-loans/basic-variable-home-loan/\",\n        \"eligibilityUri\": \"https://mystate.com.au/home-loans/basic-variable-home-loan/\",\n        \"feesAndPricingUri\": \"https://mystate.com.au/legal/\",\n        \"bundleUri\": \"\"\n      },\n      \"cardArt\": []\n    },\n    {\n      \"productId\": \"8f38b266-9d5e-42b2-b784-07e3a571e58b\",\n      \"effectiveFrom\": null,\n      \"effectiveTo\": null,\n      \"lastUpdated\": \"2021-04-16T04:18:40.019Z\",\n      \"productCategory\": \"RESIDENTIAL_MORTGAGES\",\n      \"name\": \"Fixed Rate Home Loan - 5 Year\",\n      \"description\": \"With a fixed interest home loan rate your repayments remain the same for the selected term.\\nWith a guaranteed interest rate you know exactly how much you’re going to pay every time. At the end of the selected term, the home loan interest rate converts to our Standard Variable Home Loan rate current at that time.\\n\\nA fixed home loan rate is great if you’re buying an owner-occupied home, investment property, vacant land or refinancing home loans from another lender, and if you want protection from interest rate increases and certainty of repayments.\",\n      \"brand\": \"MyState Bank\",\n      \"brandName\": \"\",\n      \"applicationUri\": \"https://mystate.com.au/home-loans/appointment-request/\",\n      \"isTailored\": false,\n      \"additionalInformation\": {\n        \"overviewUri\": \"https://mystate.com.au/home-loans/fixed-rate-home-loan/\",\n        \"termsUri\": \"https://mystate.com.au/home-loans/fixed-rate-home-loan/\",\n        \"eligibilityUri\": \"https://mystate.com.au/home-loans/fixed-rate-home-loan/\",\n        \"feesAndPricingUri\": \"https://mystate.com.au/legal/\",\n        \"bundleUri\": \"\"\n      },\n      \"cardArt\": []\n    },\n    {\n      \"productId\": \"62678a1c-daa8-491c-941e-63745620338f\",\n      \"effectiveFrom\": null,\n      \"effectiveTo\": null,\n      \"lastUpdated\": \"2021-04-16T04:14:16.428Z\",\n      \"productCategory\": \"RESIDENTIAL_MORTGAGES\",\n      \"name\": \"Fixed Rate Home Loan - 1 Year\",\n      \"description\": \"With a fixed interest home loan rate your repayments remain the same for the selected term.\\nWith a guaranteed interest rate you know exactly how much you’re going to pay every time. At the end of the selected term, the home loan interest rate converts to our Standard Variable Home Loan rate current at that time.\\n\\nA fixed home loan rate is great if you’re buying an owner-occupied home, investment property, vacant land or refinancing home loans from another lender, and if you want protection from interest rate increases and certainty of repayments.\",\n      \"brand\": \"MyState Bank\",\n      \"brandName\": \"\",\n      \"applicationUri\": \"https://mystate.com.au/home-loans/appointment-request/\",\n      \"isTailored\": false,\n      \"additionalInformation\": {\n        \"overviewUri\": \"https://mystate.com.au/home-loans/fixed-rate-home-loan/\",\n        \"termsUri\": \"https://mystate.com.au/home-loans/fixed-rate-home-loan/\",\n        \"eligibilityUri\": \"https://mystate.com.au/home-loans/fixed-rate-home-loan/\",\n        \"feesAndPricingUri\": \"https://mystate.com.au/legal/\",\n        \"bundleUri\": \"\"\n      },\n      \"cardArt\": []\n    },\n    {\n      \"productId\": \"8546b224-85ce-40b4-ba09-3390398b5c4e\",\n      \"effectiveFrom\": null,\n      \"effectiveTo\": null,\n      \"lastUpdated\": \"2021-04-16T04:13:22.616Z\",\n      \"productCategory\": \"TERM_DEPOSITS\",\n      \"name\": \"Regular Term Deposit\",\n      \"description\": \"If you have money to invest, and you want reliable investment returns, a term deposit from MyState Bank may be just what you need.\",\n      \"brand\": \"MyState Bank\",\n      \"brandName\": \"\",\n      \"applicationUri\": \"https://apply.mystate.com.au/Runtime/Runtime/Form/MyState+Term+Deposit\",\n      \"isTailored\": false,\n      \"additionalInformation\": {\n        \"overviewUri\": \"https://mystate.com.au/term-deposits/\",\n        \"termsUri\": \"https://mystate.com.au/legal/\",\n        \"eligibilityUri\": \"https://mystate.com.au/legal/\",\n        \"feesAndPricingUri\": \"https://mystate.com.au/legal/\",\n        \"bundleUri\": \"\"\n      },\n      \"cardArt\": []\n    },\n    {\n      \"productId\": \"78a6c69e-5ac6-4ac2-a758-c62531c0d4f8\",\n      \"effectiveFrom\": null,\n      \"effectiveTo\": null,\n      \"lastUpdated\": \"2021-04-16T04:11:17.928Z\",\n      \"productCategory\": \"RESIDENTIAL_MORTGAGES\",\n      \"name\": \"Cash on Hand Line of Credit - Secured\",\n      \"description\": \"A continuing credit facility for personal, domestic or investment purposes that is secured by residential property.\",\n      \"brand\": \"MyState Bank\",\n      \"brandName\": \"\",\n      \"applicationUri\": \"https://mystate.com.au/home-loans/appointment-request/\",\n      \"isTailored\": false,\n      \"additionalInformation\": {\n        \"overviewUri\": \"https://mystate.com.au/legal/\",\n        \"termsUri\": \"https://mystate.com.au/legal/\",\n        \"eligibilityUri\": \"https://mystate.com.au/legal/\",\n        \"feesAndPricingUri\": \"https://mystate.com.au/legal/\",\n        \"bundleUri\": \"\"\n      },\n      \"cardArt\": []\n    },\n    {\n      \"productId\": \"defd974a-ae1b-4c5f-a91c-f4f3fac7e101\",\n      \"effectiveFrom\": null,\n      \"effectiveTo\": null,\n      \"lastUpdated\": \"2021-04-16T04:09:18.509Z\",\n      \"productCategory\": \"TERM_DEPOSITS\",\n      \"name\": \"Online Term Deposit\",\n      \"description\": \"If you have money to invest, and you want reliable investment returns, a term deposit from MyState Bank may be just what you need.\",\n      \"brand\": \"MyState Bank\",\n      \"brandName\": \"\",\n      \"applicationUri\": \"https://apply.mystate.com.au/Runtime/Runtime/Form/MyState+Term+Deposit\",\n      \"isTailored\": false,\n      \"additionalInformation\": {\n        \"overviewUri\": \"https://mystate.com.au/term-deposits/\",\n        \"termsUri\": \"https://mystate.com.au/legal/\",\n        \"eligibilityUri\": \"https://mystate.com.au/legal/\",\n        \"feesAndPricingUri\": \"https://mystate.com.au/legal/\",\n        \"bundleUri\": \"\"\n      },\n      \"cardArt\": []\n    },\n    {\n      \"productId\": \"9b1d0464-3fef-417b-824c-ca9a025d9dbd\",\n      \"effectiveFrom\": null,\n      \"effectiveTo\": null,\n      \"lastUpdated\": \"2021-04-16T04:06:29.477Z\",\n      \"productCategory\": \"TERM_DEPOSITS\",\n      \"name\": \"Business Term Deposit\",\n      \"description\": \"If you have money to invest, and you want reliable investment returns, a term deposit from MyState Bank may be just what you need.\",\n      \"brand\": \"MyState Bank\",\n      \"brandName\": \"\",\n      \"applicationUri\": \"https://apply.mystate.com.au/Runtime/Runtime/Form/MyState+Term+Deposit\",\n      \"isTailored\": false,\n      \"additionalInformation\": {\n        \"overviewUri\": \"https://mystate.com.au/business/savings-investments/term-deposit/\",\n        \"termsUri\": \"https://mystate.com.au/legal/\",\n    
[...]
                      "code": "productsData = await getProducts(`effective=${EFFECTIVE.CURRENT}`);\nconst { totalRecords } = productsData.body.meta;\nif (totalRecords === 0) return;\nconst totalProductsData = await getProducts(`effective=${EFFECTIVE.CURRENT}&page-size=${totalRecords}`);\nconst { products } = totalProductsData.body.data;\nconst currentProducts = getProductsByEffective(products, EFFECTIVE.CURRENT);\nif (products.length !== currentProducts.length) {\n  addContext(this, {\n    title: 'Incorrect effective filter',\n    value: products,\n  });\n}\n// console.log(currentProducts);\nexpect(products.length).to.be.eq(currentProducts.length);",
                      "err": {
                        "message": "AssertionError: expected 46 to equal 5",
                        "estack": "AssertionError: expected 46 to equal 5\n    at Context.<anonymous> (file:///C:/Users/Administrator/OneDrive/%E6%A1%8C%E9%9D%A2/API%20Testing/banking-api-tests/test/products.js:327:39)\n    at processTicksAndRejections (internal/process/task_queues.js:93:5)",
                        "diff": "- 46\n+ 5\n"
                      },
                      "uuid": "64924fbd-0fbf-4d9a-83e2-a34404bd87ac",
                      "parentUUID": "2aaf0fc1-ab15-4ced-b57e-50b7686f627c",
                      "isHook": false,
                      "skipped": false
                    }
                  ],
                  "suites": [],
                  "passes": [
                    "163b485b-43f8-42d9-94cf-6737aeb6c847",
                    "dfac1d9a-924e-417b-affd-781341826d1f",
                    "09be32e9-378e-4e1b-9fbe-ffd9d8e10757"
                  ],
                  "failures": [
                    "64924fbd-0fbf-4d9a-83e2-a34404bd87ac"
                  ],
                  "pending": [],
                  "skipped": [],
                  "duration": 3084,
                  "root": false,
                  "rootEmpty": false,
                  "_timeout": 5000
                },
                {
                  "uuid": "0bae305e-5e43-4ce3-9383-f388a0dc9286",
                  "title": "Get Products with updated-since query",
                  "fullFile": "C:\\Users\\Administrator\\OneDrive\\桌面\\API Testing\\banking-api-tests\\test\\products.js",
                  "file": "\\test\\products.js",
                  "beforeHooks": [],
                  "afterHooks": [],
                  "tests": [
                    {
                      "title": "validate query string parameter value",
                      "fullTitle": "Get Products Get Products with query string Get Products with updated-since query validate query string parameter value",
                      "timedOut": false,
                      "duration": 151,
                      "state": "passed",
                      "speed": "slow",
                      "pass": true,
                      "fail": false,
                      "pending": false,
                      "context": null,
                      "code": "const randomValue = faker.lorem.word();\nconst randomDate = new Date(randomValue);\nif (randomDate.toString() === 'Invalid Date') {\n  productsData = await getProducts(`updated-since=${randomValue}`);\n  expect(productsData.status).to.be.eq(400);\n  expect(productsData.body.errors[0].title).to.be.eq('Invalid query string parameter value');\n}",
                      "err": {},
                      "uuid": "381ac242-adfc-4efa-8310-8d524e5d5029",
                      "parentUUID": "0bae305e-5e43-4ce3-9383-f388a0dc9286",
                      "isHook": false,
                      "skipped": false
                    },
                    {
                      "title": "Do not contains unmatched products when updated-since parameter value is valid",
                      "fullTitle": "Get Products Get Products with query string Get Products with updated-since query Do not contains unmatched products when updated-since parameter value is valid",
                      "timedOut": false,
                      "duration": 283,
                      "state": "passed",
                      "speed": "slow",
                      "pass": true,
                      "fail": false,
                      "pending": false,
                      "context": null,
                      "code": "const randomDate = faker.date.past(1).toISOString();\nproductsData = await getProducts(`updated-since=${randomDate}`);\nconst { totalRecords } = productsData.body.meta;\nif (totalRecords === 0) return;\nif (totalRecords > 25) {\n  productsData = await getProducts(`updated-since=${randomDate}&page-size=${totalRecords}`);\n}\nconst { products } = productsData.body.data;\nconst invalidProducts = products.filter(product => {\n  const queryTime = new Date(randomDate).getTime();\n  const lastUpdatedTime = new Date(product.lastUpdated).getTime();\n  return queryTime - lastUpdatedTime > 0;\n});\nexpect(invalidProducts.length).to.be.eq(0);",
                      "err": {},
                      "uuid": "b23a1874-5b7f-4e72-a185-b5f4cffca223",
                      "parentUUID": "0bae305e-5e43-4ce3-9383-f388a0dc9286",
                      "isHook": false,
                      "skipped": false
                    }
                  ],
                  "suites": [],
                  "passes": [
                    "381ac242-adfc-4efa-8310-8d524e5d5029",
                    "b23a1874-5b7f-4e72-a185-b5f4cffca223"
                  ],
                  "failures": [],
                  "pending": [],
                  "skipped": [],
                  "duration": 434,
                  "root": false,
                  "rootEmpty": false,
                  "_timeout": 5000
                },
                {
                  "uuid": "0e309eac-0a9e-402b-a4c4-81966d63bec8",
                  "title": "Get Products with brand query",
                  "fullFile": "C:\\Users\\Administrator\\OneDrive\\桌面\\API Testing\\banking-api-tests\\test\\products.js",
                  "file": "\\test\\products.js",
                  "beforeHooks": [],
                  "afterHooks": [],
                  "tests": [
                    {
                      "title": "return empty array when enter invalid brand value",
                      "fullTitle": "Get Products Get Products with query string Get Products with brand query return empty array when enter invalid brand value",
                      "timedOut": false,
                      "duration": 171,
                      "state": "passed",
                      "speed": "slow",
                      "pass": true,
                      "fail": false,
                      "pending": false,
                      "context": null,
                      "code": "const randomBrand = faker.lorem.word();\nif (randomBrand !== qa.brand) {\n  productsData = await getProducts(`brand=${randomBrand}`);\n  const { products } = productsData.body.data;\n  expect(products.length).to.be.eq(0);\n}",
                      "err": {},
                      "uuid": "396a7723-495b-48c0-8f0c-a6a62ec9906d",
                      "parentUUID": "0e309eac-0a9e-402b-a4c4-81966d63bec8",
                      "isHook": false,
                      "skipped": false
                    },
                    {
                      "title": "Do not contains unmatched products when brand parameter value is valid",
                      "fullTitle": "Get Products Get Products with query string Get Products with brand query Do not contains unmatched products when brand parameter value is valid",
                      "timedOut": false,
                      "duration": 368,
                      "state": "passed",
                      "speed": "slow",
                      "pass": true,
                      "fail": false,
                      "pending": false,
                      "context": null,
                      "code": "productsData = await getProducts(`brand=${qa.brand}`);\nconst { products } = productsData.body.data;\nconst inValidProducts = products.filter(product => product.brand !== qa.brand);\nexpect(inValidProducts.length).to.be.eq(0);",
                      "err": {},
                      "uuid": "7c7d6fcd-79e5-4c6d-be48-9a81d5a3b255",
                      "parentUUID": "0e309eac-0a9e-402b-a4c4-81966d63bec8",
                      "isHook": false,
                      "skipped": false
                    }
                  ],
                  "suites": [],
                  "passes": [
                    "396a7723-495b-48c0-8f0c-a6a62ec9906d",
                    "7c7d6fcd-79e5-4c6d-be48-9a81d5a3b255"
                  ],
                  "failures": [],
                  "pending": [],
                  "skipped": [],
                  "duration": 539,
                  "root": false,
                  "rootEmpty": false,
                  "_timeout": 5000
                },
                {
                  "uuid": "2f8fba69-7f8a-4159-9683-2cee012a6511",
                  "title": "Get Products with product-category query",
                  "fullFile": "C:\\Users\\Administrator\\OneDrive\\桌面\\API Testing\\banking-api-tests\\test\\products.js",
                  "file": "\\test\\products.js",
                  "beforeHooks": [],
                  "afterHooks": [],
                  "tests": [
                    {
                      "title": "return error when product-category parameter value is invalid",
                      "fullTitle": "Get Products Get Products with query string Get Products with product-category query return error when product-category parameter value is invalid",
                      "timedOut": false,
                      "duration": 285,
                      "state": "passed",
                      "speed": "slow",
                      "pass": true,
                      "fail": false,
                      "pending": false,
                      "context": null,
                      "code": "const randomCategory = faker.lorem.word();\nif (!PRODUCT_CATEGORY[randomCategory]) {\n  productsData = await getProducts(`product-category=${randomCategory}`);\n  expect(productsData.status).to.be.eq(400);\n  expect(productsData.body.errors[0].title).to.be.eq('Invalid query string parameter value');\n}",
                      "err": {},
                      "uuid": "3f53dc24-b6c9-4ea9-ab1a-53c616e34d2a",
                      "parentUUID": "2f8fba69-7f8a-4159-9683-2cee012a6511",
                      "isHook": false,
                      "skipped": false
                    },
                    {
                      "title": "Do not return unmatched products when enter a valid product-category value",
                      "fullTitle": "Get Products Get Products with query string Get Products with product-category query Do not return unmatched products when enter a valid product-category value",
                      "timedOut": false,
                      "duration": 170,
                      "state": "passed",
                      "speed": "slow",
                      "pass": true,
                      "fail": false,
                      "pending": false,
                      "context": null,
                      "code": "// TODO Do we need to pass all the product-category separately, and run the test?\n// For now, we just pass a valid category randomly\nconst randomIndex = faker.datatype.number(PRODUCT_CATEGORY_ARRAY.length - 1);\nconst randomCategory = PRODUCT_CATEGORY_ARRAY[randomIndex];\nproductsData = await getProducts(`product-category=${randomCategory}`);\nlet unmatchedProducts = [];\nconst { products } = productsData.body.data;\nif (products.length) {\n  unmatchedProducts = products.filter(product => product.productCategory !== randomCategory)\n}\nexpect(unmatchedProducts).to.have.lengthOf(0);",
                      "err": {},
                      "uuid": "99b56909-502a-45b4-97d6-aa0cfa433e86",
                      "parentUUID": "2f8fba69-7f8a-4159-9683-2cee012a6511",
                      "isHook": false,
                      "skipped": false
                    }
                  ],
                  "suites": [],
                  "passes": [
                    "3f53dc24-b6c9-4ea9-ab1a-53c616e34d2a",
                    "99b56909-502a-45b4-97d6-aa0cfa433e86"
                  ],
                  "failures": [],
                  "pending": [],
                  "skipped": [],
                  "duration": 455,
                  "root": false,
                  "rootEmpty": false,
                  "_timeout": 5000
                }
              ],
              "passes": [],
              "failures": [],
              "pending": [],
              "skipped": [],
              "duration": 0,
              "root": false,
              "rootEmpty": false,
              "_timeout": 5000
            }
          ],
          "passes": [],
          "failures": [],
          "pending": [],
          "skipped": [],
          "duration": 0,
          "root": false,
          "rootEmpty": false,
          "_timeout": 5000
        },
        {
          "uuid": "0bcd93e7-479d-48c8-864a-51d09661a1cd",
          "title": "getProductsByEffective",
          "fullFile": "C:\\Users\\Administrator\\OneDrive\\桌面\\API Testing\\banking-api-tests\\test\\test.js",
          "file": "\\test\\test.js",
          "beforeHooks": [],
          "afterHooks": [],
          "tests": [
            {
              "title": "return empty array",
              "fullTitle": "getProductsByEffective return empty array",
              "timedOut": false,
              "duration": 0,
              "state": "passed",
              "speed": "fast",
              "pass": true,
              "fail": false,
              "pending": false,
              "context": null,
              "code": "const products = [];\nconst res = getProductsByEffective(products, EFFECTIVE.CURRENT);\nexpect(res.length).to.be.eq(0);",
              "err": {},
              "uuid": "6b5e7672-2dc6-4d52-92bb-249def74632f",
              "parentUUID": "0bcd93e7-479d-48c8-864a-51d09661a1cd",
              "isHook": false,
              "skipped": false
            },
            {
              "title": "return empty array when effectiveFrom is null",
              "fullTitle": "getProductsByEffective return empty array when effectiveFrom is null",
              "timedOut": false,
              "duration": 0,
              "state": "passed",
              "speed": "fast",
              "pass": true,
              "fail": false,
              "pending": false,
              "context": null,
              "code": "const products = [{\n  effectiveFrom: null,\n}];\nconst res = getProductsByEffective(products, EFFECTIVE.CURRENT);\nexpect(res.length).to.be.eq(0);",
              "err": {},
              "uuid": "c5d57bec-d725-4e7e-a2d1-a430ad07c855",
              "parentUUID": "0bcd93e7-479d-48c8-864a-51d09661a1cd",
              "isHook": false,
              "skipped": false
            },
            {
              "title": "return correct CURRENT products",
              "fullTitle": "getProductsByEffective return correct CURRENT products",
              "timedOut": false,
              "duration": 2,
              "state": "passed",
              "speed": "fast",
              "pass": true,
              "fail": false,
              "pending": false,
              "context": null,
              "code": "const products = [{\n  effectiveFrom: '1995-12-17T03:24:00',\n}];\nconst res = getProductsByEffective(products, EFFECTIVE.CURRENT);\nexpect(res.length).to.be.eq(1);",
              "err": {},
              "uuid": "4823f7c2-ee12-4d49-9710-f5152193f563",
              "parentUUID": "0bcd93e7-479d-48c8-864a-51d09661a1cd",
              "isHook": false,
              "skipped": false
            },
            {
              "title": "return correct CURRENT products",
              "fullTitle": "getProductsByEffective return correct CURRENT products",
              "timedOut": false,
              "duration": 0,
              "state": "passed",
              "speed": "fast",
              "pass": true,
              "fail": false,
              "pending": false,
              "context": null,
              "code": "const products = [{\n  effectiveFrom: '1995-12-17T03:24:00',\n}, {\n  effectiveFrom: '1999-12-17T03:24:00',\n}, {\n  effectiveFrom: '2022-12-17T03:24:00',\n}];\nconst res = getProductsByEffective(products, EFFECTIVE.CURRENT);\nexpect(res.length).to.be.eq(2);",
              "err": {},
              "uuid": "09577a6e-8fcb-46ff-a4eb-887e9238e6d6",
              "parentUUID": "0bcd93e7-479d-48c8-864a-51d09661a1cd",
              "isHook": false,
              "skipped": false
            },
            {
              "title": "return correct FUTURE products",
              "fullTitle": "getProductsByEffective return correct FUTURE products",
              "timedOut": false,
              "duration": 0,
              "state": "passed",
              "speed": "fast",
              "pass": true,
              "fail": false,
              "pending": false,
              "context": null,
              "code": "const products = [{\n  effectiveFrom: '1995-12-17T03:24:00',\n}];\nconst res = getProductsByEffective(products, EFFECTIVE.FUTURE);\nexpect(res.length).to.be.eq(0);",
              "err": {},
              "uuid": "64ee8740-e98f-44d3-a9d5-d467e0535d8b",
              "parentUUID": "0bcd93e7-479d-48c8-864a-51d09661a1cd",
              "isHook": false,
              "skipped": false
            },
            {
              "title": "return correct FUTURE products",
              "fullTitle": "getProductsByEffective return correct FUTURE products",
              "timedOut": false,
              "duration": 0,
              "state": "passed",
              "speed": "fast",
              "pass": true,
              "fail": false,
              "pending": false,
              "context": null,
              "code": "const products = [{\n  effectiveFrom: '1995-12-17T03:24:00',\n}, {\n  effectiveFrom: '1999-12-17T03:24:00',\n}, {\n  effectiveFrom: '2022-12-17T03:24:00',\n}];\nconst res = getProductsByEffective(products, EFFECTIVE.FUTURE);\nexpect(res.length).to.be.eq(1);",
              "err": {},
              "uuid": "69d5891d-9c56-4cc6-b48b-0ba475fca372",
              "parentUUID": "0bcd93e7-479d-48c8-864a-51d09661a1cd",
              "isHook": false,
              "skipped": false
            }
          ],
          "suites": [],
          "passes": [
            "6b5e7672-2dc6-4d52-92bb-249def74632f",
            "c5d57bec-d725-4e7e-a2d1-a430ad07c855",
            "4823f7c2-ee12-4d49-9710-f5152193f563",
            "09577a6e-8fcb-46ff-a4eb-887e9238e6d6",
            "64ee8740-e98f-44d3-a9d5-d467e0535d8b",
            "69d5891d-9c56-4cc6-b48b-0ba475fca372"
          ],
          "failures": [],
          "pending": [],
          "skipped": [],
          "duration": 2,
          "root": false,
          "rootEmpty": false,
          "_timeout": 5000
        }
      ],
      "passes": [],
      "failures": [],
      "pending": [],
      "skipped": [],
      "duration": 0,
      "root": true,
      "rootEmpty": true,
      "_timeout": 5000
    }
  ],
  "meta": {
    "mocha": {
      "version": "8.3.2"
    },
    "mochawesome": {
      "options": {
        "quiet": false,
        "reportFilename": "mochawesome",
        "saveHtml": true,
        "saveJson": true,
        "consoleReporter": "spec",
        "useInlineDiffs": false,
        "code": true
      },
      "version": "6.2.2"
    },
    "marge": {
      "options": null,
      "version": "5.2.0"
    }
  }
}